0 info it worked if it ends with ok
1 verbose cli [ 'D:\\nodejs\\node.exe',
1 verbose cli   'D:\\nodejs\\node_modules\\npm\\bin\\npm-cli.js',
1 verbose cli   'start' ]
2 info using npm@3.10.10
3 info using node@v6.9.5
4 verbose run-script [ 'prestart', 'start', 'poststart' ]
5 info lifecycle kunpengscreen@0.1.0~prestart: kunpengscreen@0.1.0
6 silly lifecycle kunpengscreen@0.1.0~prestart: no script for prestart, continuing
7 info lifecycle kunpengscreen@0.1.0~start: kunpengscreen@0.1.0
8 verbose lifecycle kunpengscreen@0.1.0~start: unsafe-perm in lifecycle true
9 verbose lifecycle kunpengscreen@0.1.0~start: PATH: D:\nodejs\node_modules\npm\bin\node-gyp-bin;D:\project\project\KunpengScreen\git_kun\node_modules\.bin;C:\WINDOWS\system32;C:\WINDOWS;C:\WINDOWS\System32\Wbem;C:\WINDOWS\System32\WindowsPowerShell\v1.0\;D:\nodejs\;D:\Git\cmd;C:\WINDOWS\System32\OpenSSH\;C:\Users\47471\AppData\Local\Microsoft\WindowsApps;C:\Users\47471\AppData\Roaming\npm;;D:\Microsoft VS Code\bin
10 verbose lifecycle kunpengscreen@0.1.0~start: CWD: D:\project\project\KunpengScreen\git_kun
11 silly lifecycle kunpengscreen@0.1.0~start: Args: [ '/d /s /c', 'react-scripts start' ]
12 silly lifecycle kunpengscreen@0.1.0~start: Returned: code: 1  signal: null
13 info lifecycle kunpengscreen@0.1.0~start: Failed to exec start script
14 verbose stack Error: kunpengscreen@0.1.0 start: `react-scripts start`
14 verbose stack Exit status 1
14 verbose stack     at EventEmitter.<anonymous> (D:\nodejs\node_modules\npm\lib\utils\lifecycle.js:255:16)
14 verbose stack     at emitTwo (events.js:106:13)
14 verbose stack     at EventEmitter.emit (events.js:191:7)
14 verbose stack     at ChildProcess.<anonymous> (D:\nodejs\node_modules\npm\lib\utils\spawn.js:40:14)
14 verbose stack     at emitTwo (events.js:106:13)
14 verbose stack     at ChildProcess.emit (events.js:191:7)
14 verbose stack     at maybeClose (internal/child_process.js:877:16)
14 verbose stack     at Process.ChildProcess._handle.onexit (internal/child_process.js:226:5)
15 verbose pkgid kunpengscreen@0.1.0
16 verbose cwd D:\project\project\KunpengScreen\git_kun
17 error Windows_NT 10.0.17134
18 error argv "D:\\nodejs\\node.exe" "D:\\nodejs\\node_modules\\npm\\bin\\npm-cli.js" "start"
19 error node v6.9.5
20 error npm  v3.10.10
21 error code ELIFECYCLE
22 error kunpengscreen@0.1.0 start: `react-scripts start`
22 error Exit status 1
23 error Failed at the kunpengscreen@0.1.0 start script 'react-scripts start'.
23 error Make sure you have the latest version of node.js and npm installed.
23 error If you do, this is most likely a problem with the kunpengscreen package,
23 error not with npm itself.
23 error Tell the author that this fails on your system:
23 error     react-scripts start
23 error You can get information on how to open an issue for this project with:
23 error     npm bugs kunpengscreen
23 error Or if that isn't available, you can get their info via:
23 error     npm owner ls kunpengscreen
23 error There is likely additional logging output above.
24 verbose exit [ 1, true ]
